<?xml version="1.0" encoding="UTF-8"?>
<!-- Generated by org.testng.reporters.JUnitReportReporter -->
<testsuite hostname="RATHINASURYA" failures="0" tests="1" name="Practice.CreateprojectInAPI_validateInGUI_ValidateInDB" time="14.702" errors="0" timestamp="2023-03-03T12:59:22 IST" skipped="0">
  <testcase classname="Practice.CreateprojectInAPI_validateInGUI_ValidateInDB" name="createProjectusingFramework" time="14.702"/>
  <system-out>
    <![CDATA[Project verified
Project validated]]>
  </system-out>
</testsuite> <!-- Practice.CreateprojectInAPI_validateInGUI_ValidateInDB -->
